Retrieving project…
Deploying chico-projects/brain-planet
Uploading [--------------------] (0.0B/319.7KB)
Uploading [=====---------------] (80.4KB/319.7KB)
Uploading [==========----------] (172.6KB/319.7KB)
Uploading [===============-----] (252.6KB/319.7KB)
Uploading [====================] (319.7KB/319.7KB)
Inspect: https://vercel.com/chico-projects/brain-planet/6v9HYrjxqC2jSpFeYQyh4unqbH22 [4s]
Production: https://brain-planet-n0wgek60k-chico-projects.vercel.app [4s]
Building...
Building: Running build in Washington, D.C., USA (East) – iad1
Building: Build machine configuration: 2 cores, 8 GB
Building: Retrieving list of deployment files...
Building: Downloading 220 deployment files...
Building: Downloading 220 deployment files...
Building: Skipping build cache since Package Manager changed from "npm" to "pnpm"
Building: Running "vercel build"
Building: Vercel CLI 54.19.0
Building: Detected `pnpm-lock.yaml` 9 which may be generated by pnpm@9.x or pnpm@10.x
Building: Using pnpm@10.x based on project creation date
Building: To use pnpm@9.x, manually opt in using corepack (https://vercel.com/docs/deployments/configure-a-build#corepack)
Building: Installing dependencies...
Building: Lockfile is up to date, resolution step is skipped
Building: Progress: resolved 1, reused 0, downloaded 0, added 0
Building: Packages: +659
Building: ++++++++++++++++++++++++++++++++++++++++++++++++++++++++++++++++++++++++++++++++
Building: Progress: resolved 659, reused 0, downloaded 15, added 0
Building: Progress: resolved 659, reused 0, downloaded 39, added 8
Building: Progress: resolved 659, reused 0, downloaded 40, added 8
Building: Progress: resolved 659, reused 0, downloaded 84, added 21
Building: Progress: resolved 659, reused 0, downloaded 91, added 25
Building: Progress: resolved 659, reused 0, downloaded 140, added 39
Building: Progress: resolved 659, reused 0, downloaded 140, added 40
Building: Progress: resolved 659, reused 0, downloaded 273, added 84
Building: Progress: resolved 659, reused 0, downloaded 379, added 120
Building: Progress: resolved 659, reused 0, downloaded 405, added 125
Building: Progress: resolved 659, reused 0, downloaded 449, added 137
Building: Progress: resolved 659, reused 0, downloaded 562, added 174
Building: Progress: resolved 659, reused 0, downloaded 647, added 200
Building: Progress: resolved 659, reused 0, downloaded 659, added 386
Building: Progress: resolved 659, reused 0, downloaded 659, added 405
Building: Progress: resolved 659, reused 0, downloaded 659, added 458
Building: Progress: resolved 659, reused 0, downloaded 659, added 612
Building: Progress: resolved 659, reused 0, downloaded 659, added 659, done
Building: dependencies:
Building: + @base-ui/react 1.6.0
Building: + @ducanh2912/next-pwa 10.2.9
Building: + @types/canvas-confetti 1.9.0
Building: + @vercel/analytics 2.0.1
Building: + @vercel/speed-insights 2.0.0
Building: + canvas-confetti 1.9.4
Building: + class-variance-authority 0.7.1
Building: + clsx 2.1.1
Building: + framer-motion 12.42.2
Building: + lucide-react 1.23.0
Building: + next 16.2.9
Building: + react 19.2.4
Building: + react-dom 19.2.4
Building: + recharts 3.9.2
Building: + tailwind-merge 3.6.0
Building: + zustand 5.0.14
Building: devDependencies:
Building: + @tailwindcss/postcss 4.3.2
Building: + @types/node 20.19.43
Building: + @types/react 19.2.17
Building: + @types/react-dom 19.2.3
Building: + eslint 9.39.4
Building: + eslint-config-next 16.2.9
Building: + husky 9.1.7
Building: + lint-staged 17.0.8
Building: + prettier 3.9.4
Building: + tailwindcss 4.3.2
Building: + typescript 5.9.3
Building: . prepare$ husky
Building: . prepare: .git can't be found
Building: . prepare: Done
Building: ╭ Warning ─────────────────────────────────────────────────────────────────────╮
Building: │                                                                              │
Building: │   Ignored build scripts: sharp@0.34.5, unrs-resolver@1.12.2.                 │
Building: │   Run "pnpm approve-builds" to pick which dependencies should be allowed     │
Building: │   to run scripts.                                                            │
Building: │                                                                              │
Building: ╰──────────────────────────────────────────────────────────────────────────────╯
Building: Done in 21.3s using pnpm v10.28.0
Building: Detected Next.js version: 16.2.9
Building: Running "pnpm run build"
Building: > brain-planet@0.1.0 build /vercel/path0
Building: > next build --webpack
Building: Applying modifyConfig from Vercel
Building: Attention: Next.js now collects completely anonymous telemetry regarding usage.
Building: This information is used to shape Next.js' roadmap and prioritize features.
Building: You can learn more, including how to opt-out if you'd not like to participate in this anonymous program, by visiting the following URL:
Building: https://nextjs.org/telemetry
Building: ▲ Next.js 16.2.9 (webpack)
Building: Creating an optimized production build ...
Building: ✓ (pwa) Compiling for server...
Building: ✓ (pwa) Compiling for server...
Building: ✓ (pwa) Compiling for client (static)...
Building: ○ (pwa) Service worker: /vercel/path0/public/sw.js
Building: ○ (pwa)   URL: /sw.js
Building: ○ (pwa)   Scope: /
Building: ✓ Compiled successfully in 28.3s
Building: Running TypeScript ...
Building: Finished TypeScript in 8.9s ...
Building: Collecting page data using 1 worker ...
Building: Generating static pages using 1 worker (0/25) ...
Building: Generating static pages using 1 worker (6/25)
Building: Generating static pages using 1 worker (12/25)
Building: Generating static pages using 1 worker (18/25)
Building: ✓ Generating static pages using 1 worker (25/25) in 1289ms
Building: Finalizing page optimization ...
Building: Collecting build traces ...
Building: Running onBuildComplete from Vercel
Building: Route (app)
Building: ┌ ○ /
Building: ├ ○ /_not-found
Building: ├ ○ /about
Building: ├ ○ /adventure
Building: ├ ○ /games/balance
Building: ├ ○ /games/color-match
Building: ├ ○ /games/emotion
Building: ├ ○ /games/math-24
Building: ├ ○ /games/maze
Building: ├ ○ /games/memory
Building: ├ ○ /games/pattern-master
Building: ├ ○ /games/piano
Building: ├ ○ /games/schulte
Building: ├ ○ /games/sequence
Building: ├ ○ /games/shadow-match
Building: ├ ○ /games/simon
Building: ├ ○ /games/sorting
Building: ├ ○ /games/space-tracker
Building: ├ ○ /games/sudoku
Building: ├ ○ /games/whack-a-mole
Building: ├ ○ /games/word-match
Building: ├ ○ /parents
Building: ├ ○ /robots.txt
Building: └ ○ /sitemap.xml
Building: ○  (Static)  prerendered as static content
Building: Build Completed in /vercel/output [1m]
Building: Deploying outputs...
Building: Deployment completed
Building: Creating build cache...
[2K[1A[2K[GProduction: https://brain-planet-n0wgek60k-chico-projects.vercel.app [4m]
Completing...
Aliased: https://kids.aimake.cc [4m]
{
  "status": "ok",
  "deployment": {
    "id": "dpl_6v9HYrjxqC2jSpFeYQyh4unqbH22",
    "url": "https://brain-planet-n0wgek60k-chico-projects.vercel.app",
    "inspectorUrl": "https://vercel.com/chico-projects/brain-planet/6v9HYrjxqC2jSpFeYQyh4unqbH22",
    "readyState": "READY",
    "target": "production",
    "deploymentApiUrl": "https://api.vercel.com/v13/deployments/dpl_6v9HYrjxqC2jSpFeYQyh4unqbH22"
  },
  "message": "Deployment brain-planet-n0wgek60k-chico-projects.vercel.app ready.",
  "next": [
    {
      "command": "vercel inspect brain-planet-n0wgek60k-chico-projects.vercel.app",
      "when": "Inspect deployment"
    },
    {
      "command": "vercel deploy --prod",
      "when": "Promote to production"
    }
  ]
}
